<?xml version="1.0" encoding="UTF-8"?>
<testsuite name="com.clever.bank.UserTest" tests="1" skipped="0" failures="0" errors="0" timestamp="2023-09-03T10:59:59" hostname="SERV1" time="0.001">
  <properties/>
  <testcase name="testFindUserByUsernameAndPassword()" classname="com.clever.bank.UserTest" time="0.001"/>
  <system-out><![CDATA[]]></system-out>
  <system-err><![CDATA[]]></system-err>
</testsuite>
