<?xml version="1.0" encoding="UTF-8"?>
<testsuite name="com.clever.bank.TransactionTest" tests="4" skipped="0" failures="0" errors="0" timestamp="2023-09-03T10:59:59" hostname="SERV1" time="0.025">
  <properties/>
  <testcase name="testDepositTransaction()" classname="com.clever.bank.TransactionTest" time="0.015"/>
  <testcase name="testWithdrawTransaction()" classname="com.clever.bank.TransactionTest" time="0.003"/>
  <testcase name="testTransferTransaction()" classname="com.clever.bank.TransactionTest" time="0.005"/>
  <testcase name="testInvalidWithdrawTransaction()" classname="com.clever.bank.TransactionTest" time="0.002"/>
  <system-out><![CDATA[Deposit successful
----------------------------
Transaction Number: 1
Date and Time: 2023-09-03T13:59:59.5574667
Transaction Type: Deposit
Sender Account: 123456
Amount: 50.0
----------------------------
Check saved as: checks/check_1.txt
Withdraw successful
----------------------------
Transaction Number: 2
Date and Time: 2023-09-03T13:59:59.5684705
Transaction Type: Withdraw
Sender Account: 123456
Amount: 50.0
----------------------------
Check saved as: checks/check_2.txt
----------------------------
Transaction Number: 3
Date and Time: 2023-09-03T13:59:59.571471
Transaction Type: Transfer
Sender Bank: Source Bank
Receiver Bank: Destination Bank
Receiver Account: 789012
Commission: 0.25
Sender Account: 123456
Amount: 25.0
----------------------------
Check saved as: checks/check_3.txt
----------------------------
Transaction Number: 3
Date and Time: 2023-09-03T13:59:59.571471
Transaction Type: Transfer
Sender Bank: Source Bank
Receiver Bank: Destination Bank
Receiver Account: 789012
Commission: 0.25
Sender Account: 123456
Amount: 25.0
----------------------------
Check saved as: checks/check_3.txt
Insufficient funds for the transaction
----------------------------
Transaction Number: 4
Date and Time: 2023-09-03T13:59:59.576471
Transaction Type: Withdraw
Sender Account: 123456
Amount: 150.0
----------------------------
Check saved as: checks/check_4.txt
]]></system-out>
  <system-err><![CDATA[]]></system-err>
</testsuite>
