<?xml version="1.0" encoding="UTF-8"?>
<testsuite name="com.clever.bank.AccountTest" tests="3" skipped="0" failures="0" errors="0" timestamp="2023-09-03T10:59:57" hostname="SERV1" time="0.023">
  <properties/>
  <testcase name="testWithdrawInsufficientFunds()" classname="com.clever.bank.AccountTest" time="0.019"/>
  <testcase name="testWithdraw()" classname="com.clever.bank.AccountTest" time="0.001"/>
  <testcase name="testDeposit()" classname="com.clever.bank.AccountTest" time="0.0"/>
  <system-out><![CDATA[Insufficient funds
]]></system-out>
  <system-err><![CDATA[]]></system-err>
</testsuite>
